/*C2*/SET SCHEMA PUBLIC
DELETE FROM "mendixsystem$version" WHERE "versionnumber"='4.0.7'
INSERT INTO "mendixsystem$version" VALUES('4.0.7','2016-09-06 12:01:59.832000','2.0.1','unversioned','Spotify')
COMMIT
/*C3*/SET SCHEMA PUBLIC
DELETE FROM "system$userrole" WHERE "id"=2814749767106561
INSERT INTO "system$userrole" VALUES(2814749767106561,'8dd52bfa-6d7e-453b-b506-303c0a3d9567','','Administrator')
DELETE FROM "system$userrole" WHERE "id"=2814749767106562
INSERT INTO "system$userrole" VALUES(2814749767106562,'53f5d6fa-6da9-4a71-b011-454ec052cce8','','User')
COMMIT
DELETE FROM "mendixsystem$entityidentifier" WHERE "id"='d4154981-8dac-4150-aec5-efa3ef62a7a2'
INSERT INTO "mendixsystem$entityidentifier" VALUES('d4154981-8dac-4150-aec5-efa3ef62a7a2',2,901)
COMMIT
INSERT INTO "system$xasinstance" VALUES(562949953422113,'fdcff89e-15f4-4c10-91e0-f69c3c90ac67','2016-09-06 11:46:39.430000','2016-09-06 11:46:39.401000',NULL,NULL,NULL)
COMMIT
INSERT INTO "system$clustermanager" VALUES(6473924464345089,562949953422113)
COMMIT
DELETE FROM "system$statistics" WHERE "id"=6473924464345089
INSERT INTO "system$statistics" VALUES(6473924464345089,'2016-09-06 10:02:00.681000','2016-09-06 11:46:39.469000',1,0,0)
COMMIT
DELETE FROM "mendixsystem$entityidentifier" WHERE "id"='282e2e60-88a5-469d-84a5-ba8d9151644f'
INSERT INTO "mendixsystem$entityidentifier" VALUES('282e2e60-88a5-469d-84a5-ba8d9151644f',1,801)
COMMIT
INSERT INTO "system$user" VALUES(281474976711357,'2016-09-06 11:46:41.678000',TRUE,'2016-09-06 11:46:41.678000','2016-09-06 11:46:41.772000',FALSE,TRUE,0,FALSE,'Anonymous_47aa3252-0ca8-42e9-8129-a1b9a73f0e67','{BCrypt}$2a$10$nhpDo4ovwlUAflCcDT2Y0O9bPjy3EULmRsyvTXeSQOFuoCkragypy','System.User',NULL,281474976711357)
INSERT INTO "system$userroles" VALUES(281474976711357,2814749767106561)
INSERT INTO "system$user_language" VALUES(281474976711357,7318349394477057)
COMMIT
DELETE FROM "system$user" WHERE "id"=281474976711357
INSERT INTO "system$user" VALUES(281474976711357,'2016-09-06 11:46:41.678000',TRUE,'2016-09-06 11:46:41.678000','2016-09-06 11:46:41.792000',FALSE,TRUE,0,FALSE,'Anonymous_47aa3252-0ca8-42e9-8129-a1b9a73f0e67','{BCrypt}$2a$10$nhpDo4ovwlUAflCcDT2Y0O9bPjy3EULmRsyvTXeSQOFuoCkragypy','System.User',NULL,281474976711357)
COMMIT
/*C4*/SET SCHEMA PUBLIC
DELETE FROM "mendixsystem$entityidentifier" WHERE "id"='37f9fd49-5318-4c63-9a51-f761779b202f'
INSERT INTO "mendixsystem$entityidentifier" VALUES('37f9fd49-5318-4c63-9a51-f761779b202f',24,801)
COMMIT
